[debug] [2021-02-09T22:47:16.899Z] ----------------------------------------------------------------------
[debug] [2021-02-09T22:47:16.903Z] Command:       C:\Program Files\nodejs\node.exe C:\Users\User\AppData\Roaming\npm\node_modules\firebase-tools\lib\bin\firebase.js init hosting
[debug] [2021-02-09T22:47:16.903Z] CLI Version:   9.3.0
[debug] [2021-02-09T22:47:16.904Z] Platform:      win32
[debug] [2021-02-09T22:47:16.904Z] Node Version:  v12.17.0
[debug] [2021-02-09T22:47:16.906Z] Time:          Tue Feb 09 2021 23:47:16 GMT+0100 (Central European Standard Time)
[debug] [2021-02-09T22:47:16.906Z] ----------------------------------------------------------------------
[debug] [2021-02-09T22:47:16.906Z] 
[debug] [2021-02-09T22:47:16.918Z] > command requires scopes: ["email","openid","https://www.googleapis.com/auth/cloudplatformprojects.readonly","https://www.googleapis.com/auth/firebase","https://www.googleapis.com/auth/cloud-platform"]
[debug] [2021-02-09T22:47:16.920Z] > authorizing via signed-in user
[info] 
     ######## #### ########  ######## ########     ###     ######  ########
     ##        ##  ##     ## ##       ##     ##  ##   ##  ##       ##
     ######    ##  ########  ######   ########  #########  ######  ######
     ##        ##  ##    ##  ##       ##     ## ##     ##       ## ##
     ##       #### ##     ## ######## ########  ##     ##  ######  ########

You're about to initialize a Firebase project in this directory:

  C:\Users\User\Desktop\2020\AMAZONE-React-Clone

Before we get started, keep in mind:

  * You are initializing in an existing Firebase project directory

[info] 
=== Project Setup
[info] 
[info] First, let's associate this project directory with a Firebase project.
[info] You can create multiple project aliases by running firebase use --add, 
[info] but for now we'll just set up a default project.
[info] 
[info] i  .firebaserc already has a default project, using amazone-react-clone. 
[debug] [2021-02-09T22:47:36.769Z] > refreshing access token with scopes: []
[debug] [2021-02-09T22:47:36.770Z] >>> HTTP REQUEST POST https://www.googleapis.com/oauth2/v3/token  
 <request body omitted>
[debug] [2021-02-09T22:47:37.410Z] <<< HTTP RESPONSE 200 {"date":"Tue, 09 Feb 2021 22:47:38 GMT","cache-control":"no-cache, no-store, max-age=0, must-revalidate","expires":"Mon, 01 Jan 1990 00:00:00 GMT","pragma":"no-cache","content-type":"application/json; charset=utf-8","vary":"X-Origin, Referer, Origin,Accept-Encoding","server":"scaffolding on HTTPServer2","x-xss-protection":"0","x-frame-options":"SAMEORIGIN","x-content-type-options":"nosniff","alt-svc":"h3-29=\":443\"; ma=2592000,h3-T051=\":443\"; ma=2592000,h3-Q050=\":443\"; ma=2592000,h3-Q046=\":443\"; ma=2592000,h3-Q043=\":443\"; ma=2592000,quic=\":443\"; ma=2592000; v=\"46,43\"","accept-ranges":"none","transfer-encoding":"chunked"}
[debug] [2021-02-09T22:47:37.428Z] >>> [apiv2][query] GET https://firebase.googleapis.com/v1beta1/projects/amazone-react-clone [none]
[debug] [2021-02-09T22:47:38.622Z] <<< [apiv2][status] GET https://firebase.googleapis.com/v1beta1/projects/amazone-react-clone 403
[debug] [2021-02-09T22:47:38.622Z] <<< [apiv2][body] GET https://firebase.googleapis.com/v1beta1/projects/amazone-react-clone {"error":{"code":403,"message":"The caller does not have permission","status":"PERMISSION_DENIED"}}
[debug] [2021-02-09T22:47:38.623Z] HTTP Error: 403, The caller does not have permission
[debug] [2021-02-09T22:47:39.142Z] FirebaseError: HTTP Error: 403, The caller does not have permission
    at module.exports (C:\Users\User\AppData\Roaming\npm\node_modules\firebase-tools\lib\responseToError.js:38:12)
    at Client.doRequest (C:\Users\User\AppData\Roaming\npm\node_modules\firebase-tools\lib\apiv2.js:227:23)
    at processTicksAndRejections (internal/process/task_queues.js:97:5)
    at async Client.request (C:\Users\User\AppData\Roaming\npm\node_modules\firebase-tools\lib\apiv2.js:93:20)
    at async Object.getFirebaseProject (C:\Users\User\AppData\Roaming\npm\node_modules\firebase-tools\lib\management\projects.js:289:21)
    at async Object.doSetup [as project] (C:\Users\User\AppData\Roaming\npm\node_modules\firebase-tools\lib\init\features\project.js:77:27)
    at async init (C:\Users\User\AppData\Roaming\npm\node_modules\firebase-tools\lib\init\index.js:19:9)
[error] 
[error] Error: Failed to get Firebase project amazone-react-clone. Please make sure the project exists and your account has permission to access it.
